[2025-01-08 12:36:43] []  : 0
[2025-01-08 12:37:09] [] 이미지 가져오기 실패 : 트리거 모드 확인 : 0
[2025-01-08 12:37:09] [] OK : 1
[2025-01-08 12:37:10] [] OK : 2
[2025-01-08 12:37:11] [] OK : 3
[2025-01-08 12:37:12] [] OK : 4
[2025-01-08 12:41:44] []  : 0
[2025-01-08 12:41:49] [] 이미지 가져오기 실패 : 트리거 모드 확인 : 0
[2025-01-08 12:41:49] [] OK : 1
[2025-01-08 12:41:50] [] OK : 2
[2025-01-08 12:41:50] [] aleady start : 2
[2025-01-08 12:41:50] [] aleady start : 3
[2025-01-08 12:41:50] [] OK : 3
[2025-01-08 12:41:51] [] OK : 4
[2025-01-08 12:41:52] [] OK : 5
[2025-01-08 12:41:53] [] OK : 6
[2025-01-08 12:41:54] [] OK : 7
[2025-01-08 12:41:55] [] OK : 8
[2025-01-08 12:41:55] [] OK : 9
[2025-01-08 12:41:56] [] OK : 10
[2025-01-08 12:41:57] [] OK : 11
[2025-01-08 12:41:58] [] OK : 12
[2025-01-08 12:41:59] [] OK : 13
[2025-01-08 12:42:14] [] 이미지 가져오기 실패 : 트리거 모드 확인 : 13
[2025-01-08 12:42:14] [] 이미지 가져오기 실패 : 트리거 모드 확인 : 1
[2025-01-08 12:42:14] [] OK : 1
[2025-01-08 12:42:15] [] OK : 2
[2025-01-08 12:42:15] [] OK : 3
[2025-01-08 12:42:16] [] OK : 4
[2025-01-08 12:42:17] [] OK : 5
[2025-01-08 12:42:18] [] OK : 6
[2025-01-08 12:42:19] [] OK : 7
[2025-01-08 12:42:20] [] OK : 8
[2025-01-08 12:44:18] [] 이미지 가져오기 실패 : 트리거 모드 확인 : 8
[2025-01-08 12:44:18] [] 이미지 가져오기 실패 : 트리거 모드 확인 : 1
[2025-01-08 12:44:18] [] OK : 1
[2025-01-08 12:44:19] [] OK : 2
[2025-01-08 12:44:20] [] OK : 3
[2025-01-08 12:44:21] [] OK : 4
[2025-01-08 12:44:22] [] OK : 5
[2025-01-08 12:44:23] [] OK : 6
[2025-01-08 12:44:23] [] OK : 7
[2025-01-08 12:44:24] [] OK : 8
[2025-01-08 12:44:25] [] OK : 9
[2025-01-08 12:44:26] [] OK : 10
[2025-01-08 13:00:15] []  : 0
[2025-01-08 13:00:50] []  : 0
[2025-01-08 13:29:47] []  : 0
[2025-01-08 13:30:02] []  : 0
[2025-01-08 13:30:10] []  : 0
[2025-01-08 13:30:24] []  : 0
[2025-01-08 13:30:54] []  : 0
[2025-01-08 13:35:01] []  : 0
[2025-01-08 13:37:36] []  : 0
[2025-01-08 13:37:58] []  : 0
[2025-01-08 13:43:52] []  : 0
[2025-01-08 13:54:31] []  : 0
[2025-01-08 13:55:53] []  : 0
[2025-01-08 13:57:52] []  : 0
[2025-01-08 14:55:56] []  : 0
[2025-01-08 14:56:03] [] 이미지 가져오기 실패 : 트리거 모드 확인 : 0
[2025-01-08 14:56:03] [] 이미지 가져오기 실패 : 트리거 모드 확인 : 1
[2025-01-08 14:56:03] [] OK : 1
[2025-01-08 14:56:04] [] OK : 2
[2025-01-08 14:56:05] [] OK : 3
[2025-01-08 14:56:06] [] OK : 4
[2025-01-08 14:56:07] [] OK : 5
[2025-01-08 14:56:08] [] OK : 6
[2025-01-08 14:56:08] [] OK : 7
[2025-01-08 14:56:09] [] OK : 8
[2025-01-08 14:56:10] [] OK : 9
[2025-01-08 14:56:11] [] OK : 10
[2025-01-08 14:56:12] [] OK : 11
[2025-01-08 14:56:13] [] OK : 12
[2025-01-08 14:56:13] [] OK : 13
[2025-01-08 14:56:14] [] OK : 14
[2025-01-08 14:56:15] [] OK : 15
[2025-01-08 14:56:16] [] OK : 16
[2025-01-08 14:56:17] [] OK : 17
[2025-01-08 14:56:18] [] OK : 18
[2025-01-08 14:56:18] [] OK : 19
[2025-01-08 14:56:19] [] OK : 20
[2025-01-08 15:24:02] []  : 0
[2025-01-08 15:24:19] []  : 0
[2025-01-08 15:24:45] []  : 0
[2025-01-08 15:25:43] []  : 0
[2025-01-08 15:25:49] [] 이미지 가져오기 실패 : 트리거 모드 확인 : 0
[2025-01-08 15:25:49] [] 이미지 가져오기 실패 : 트리거 모드 확인 : 1
[2025-01-08 15:25:50] [] OK : 1
[2025-01-08 15:25:50] [] OK : 2
[2025-01-08 15:25:51] [] OK : 3
[2025-01-08 15:25:52] [] OK : 4
[2025-01-08 15:25:52] [] Stop : 4
[2025-01-08 15:25:58] [] 이미지 가져오기 실패 : 트리거 모드 확인 : 4
[2025-01-08 15:25:58] [] 이미지 가져오기 실패 : 트리거 모드 확인 : 1
[2025-01-08 15:25:58] [] OK : 1
[2025-01-08 15:25:59] [] OK : 2
[2025-01-08 15:26:00] [] OK : 3
[2025-01-08 15:26:01] [] OK : 4
[2025-01-08 15:26:01] [] Stop : 4
[2025-01-08 15:57:10] []  : 0
[2025-01-08 15:57:42] []  : 0
[2025-01-08 16:04:47] []  : 0
[2025-01-08 16:04:53] [] 이미지 가져오기 실패 : 트리거 모드 확인 : 0
[2025-01-08 16:04:53] [] OK : 1
[2025-01-08 16:04:54] [] OK : 2
[2025-01-08 16:04:55] [] OK : 3
[2025-01-08 16:04:56] [] OK : 4
[2025-01-08 16:04:57] [] OK : 5
[2025-01-08 16:04:57] [] OK : 6
[2025-01-08 16:04:58] [] OK : 7
[2025-01-08 16:04:59] [] OK : 8
[2025-01-08 16:05:00] [] OK : 9
[2025-01-08 16:05:01] [] OK : 10
[2025-01-08 16:05:02] [] OK : 11
[2025-01-08 16:05:03] [] OK : 12
[2025-01-08 16:05:03] [] OK : 13
[2025-01-08 16:05:04] [] OK : 14
[2025-01-08 16:05:05] [] OK : 15
[2025-01-08 16:05:06] [] OK : 16
[2025-01-08 16:05:07] [] OK : 17
[2025-01-08 16:05:08] [] OK : 18
[2025-01-08 16:05:08] [] OK : 19
[2025-01-08 16:05:09] [] OK : 20
[2025-01-08 16:05:10] [] OK : 21
[2025-01-08 16:05:11] [] OK : 22
[2025-01-08 16:05:12] [] OK : 23
[2025-01-08 16:05:13] [] OK : 24
[2025-01-08 16:05:14] [] OK : 25
[2025-01-08 16:05:14] [] OK : 26
[2025-01-08 16:05:15] [] OK : 27
[2025-01-08 16:05:16] [] OK : 28
[2025-01-08 16:05:17] [] OK : 29
[2025-01-08 16:05:18] [] OK : 30
[2025-01-08 16:05:19] [] OK : 31
[2025-01-08 16:05:19] [] OK : 32
[2025-01-08 16:05:20] [] OK : 33
[2025-01-08 16:05:21] [] OK : 34
[2025-01-08 16:05:22] [] OK : 35
[2025-01-08 16:05:23] [] OK : 36
[2025-01-08 16:05:24] [] OK : 37
[2025-01-08 16:05:51] [] OK : 38
[2025-01-08 16:05:51] [] OK : 69
[2025-01-08 16:05:52] [] OK : 70
[2025-01-08 16:05:52] [] OK : 71
[2025-01-08 16:05:53] [] OK : 72
[2025-01-08 16:05:54] [] OK : 73
[2025-01-08 16:05:55] [] OK : 74
[2025-01-08 16:05:56] [] OK : 75
[2025-01-08 16:05:57] [] OK : 76
[2025-01-08 16:05:57] [] OK : 77
[2025-01-08 16:05:58] [] OK : 78
[2025-01-08 16:05:59] [] OK : 79
[2025-01-08 16:06:00] [] OK : 80
[2025-01-08 16:06:01] [] OK : 81
[2025-01-08 16:06:02] [] OK : 82
[2025-01-08 16:06:02] [] OK : 83
[2025-01-08 16:06:03] [] OK : 84
[2025-01-08 16:06:04] [] OK : 85
[2025-01-08 16:06:05] [] OK : 86
[2025-01-08 16:06:06] [] OK : 87
[2025-01-08 16:06:07] [] OK : 88
[2025-01-08 16:06:08] [] OK : 89
[2025-01-08 16:06:08] [] OK : 90
[2025-01-08 16:06:09] [] OK : 91
[2025-01-08 16:06:10] [] OK : 92
[2025-01-08 16:06:11] [] OK : 93
[2025-01-08 16:06:12] [] OK : 94
[2025-01-08 16:06:13] [] OK : 95
[2025-01-08 16:06:13] [] OK : 96
[2025-01-08 16:06:14] [] OK : 97
[2025-01-08 16:06:15] [] OK : 98
[2025-01-08 16:06:16] [] OK : 99
[2025-01-08 16:06:17] [] OK : 100
[2025-01-08 16:06:18] [] OK : 101
[2025-01-08 16:06:19] [] OK : 102
[2025-01-08 16:06:19] [] OK : 103
[2025-01-08 16:06:20] [] OK : 104
[2025-01-08 16:06:21] [] OK : 105
[2025-01-08 16:06:22] [] OK : 106
[2025-01-08 16:06:23] [] OK : 107
[2025-01-08 16:06:24] [] OK : 108
[2025-01-08 16:06:24] [] OK : 109
[2025-01-08 16:06:25] [] OK : 110
[2025-01-08 16:06:26] [] OK : 111
[2025-01-08 16:06:27] [] OK : 112
[2025-01-08 16:06:28] [] OK : 113
[2025-01-08 16:06:29] [] OK : 114
[2025-01-08 16:06:29] [] OK : 115
[2025-01-08 16:06:30] [] OK : 116
[2025-01-08 16:06:31] [] OK : 117
[2025-01-08 16:06:32] [] OK : 118
[2025-01-08 16:06:33] [] OK : 119
[2025-01-08 16:06:34] [] OK : 120
[2025-01-08 16:06:35] [] OK : 121
[2025-01-08 16:06:35] [] OK : 122
[2025-01-08 16:06:48] []  : 0
[2025-01-08 16:06:52] [] 이미지 가져오기 실패 : 트리거 모드 확인 : 0
[2025-01-08 16:06:52] [] 이미지 가져오기 실패 : 트리거 모드 확인 : 1
[2025-01-08 16:06:52] [] OK : 1
[2025-01-08 16:06:53] [] OK : 2
[2025-01-08 16:06:54] [] OK : 3
[2025-01-08 16:06:54] [] OK : 4
[2025-01-08 16:06:55] [] OK : 5
[2025-01-08 16:06:56] [] OK : 6
[2025-01-08 16:09:15] []  : 0
[2025-01-08 16:09:21] [] 이미지 가져오기 실패 : 트리거 모드 확인 : 0
[2025-01-08 16:09:21] [] 이미지 가져오기 실패 : 트리거 모드 확인 : 1
[2025-01-08 16:09:21] [] OK : 1
[2025-01-08 16:09:22] [] OK : 2
[2025-01-08 16:09:23] [] OK : 3
[2025-01-08 16:09:24] [] OK : 4
[2025-01-08 16:09:25] [] OK : 5
[2025-01-08 16:09:26] [] OK : 6
[2025-01-08 16:09:26] [] OK : 7
[2025-01-08 16:09:27] [] OK : 8
[2025-01-08 16:09:28] [] OK : 9
[2025-01-08 16:09:29] [] OK : 10
[2025-01-08 16:09:30] [] OK : 11
[2025-01-08 16:09:31] [] OK : 12
[2025-01-08 16:09:31] [] OK : 13
[2025-01-08 16:09:32] [] OK : 14
[2025-01-08 16:09:33] [] OK : 15
[2025-01-08 16:09:34] [] OK : 16
[2025-01-08 16:09:35] [] OK : 17
[2025-01-08 16:09:36] [] OK : 18
[2025-01-08 16:09:37] [] OK : 19
[2025-01-08 16:09:37] [] OK : 20
[2025-01-08 16:09:38] [] OK : 21
[2025-01-08 16:09:39] [] OK : 22
[2025-01-08 16:09:40] [] OK : 23
[2025-01-08 16:09:41] [] OK : 24
[2025-01-08 16:09:42] [] OK : 25
[2025-01-08 16:09:42] [] OK : 26
[2025-01-08 16:09:43] [] OK : 27
[2025-01-08 16:09:44] [] OK : 28
[2025-01-08 16:09:45] [] OK : 29
[2025-01-08 16:09:46] [] OK : 30
[2025-01-08 16:09:47] [] OK : 31
[2025-01-08 16:09:48] [] OK : 32
[2025-01-08 16:09:48] [] OK : 33
[2025-01-08 16:09:49] [] OK : 34
[2025-01-08 16:09:50] [] OK : 35
[2025-01-08 16:09:51] [] OK : 36
[2025-01-08 16:09:52] [] OK : 37
[2025-01-08 16:09:53] [] OK : 38
[2025-01-08 16:09:53] [] OK : 39
[2025-01-08 16:09:54] [] OK : 40
[2025-01-08 16:09:55] [] OK : 41
[2025-01-08 16:09:56] [] OK : 42
[2025-01-08 16:09:57] [] OK : 43
[2025-01-08 16:09:58] [] OK : 44
[2025-01-08 16:09:58] [] OK : 45
[2025-01-08 16:09:59] [] OK : 46
[2025-01-08 16:10:00] [] OK : 47
[2025-01-08 16:10:01] [] OK : 48
[2025-01-08 16:10:02] [] OK : 49
[2025-01-08 16:10:03] [] OK : 50
[2025-01-08 16:10:04] [] OK : 51
[2025-01-08 16:10:04] [] OK : 52
[2025-01-08 16:10:05] [] OK : 53
[2025-01-08 16:10:06] [] OK : 54
[2025-01-08 16:10:07] [] OK : 55
[2025-01-08 16:10:08] [] OK : 56
[2025-01-08 16:10:09] [] OK : 57
[2025-01-08 16:10:10] [] OK : 58
[2025-01-08 16:10:10] [] OK : 59
[2025-01-08 16:10:11] [] OK : 60
[2025-01-08 16:10:12] [] OK : 61
[2025-01-08 16:10:13] [] OK : 62
[2025-01-08 16:10:14] [] OK : 63
[2025-01-08 16:10:15] [] OK : 64
[2025-01-08 16:10:15] [] OK : 65
[2025-01-08 16:10:16] [] OK : 66
[2025-01-08 16:10:17] [] OK : 67
[2025-01-08 16:10:18] [] OK : 68
[2025-01-08 16:10:19] [] OK : 69
[2025-01-08 16:10:20] [] OK : 70
[2025-01-08 16:10:20] [] OK : 71
[2025-01-08 16:10:21] [] OK : 72
[2025-01-08 16:10:22] [] OK : 73
[2025-01-08 16:10:23] [] OK : 74
[2025-01-08 16:10:24] [] OK : 75
[2025-01-08 16:10:25] [] OK : 76
[2025-01-08 16:10:26] [] OK : 77
[2025-01-08 16:10:26] [] OK : 78
[2025-01-08 16:10:27] [] OK : 79
[2025-01-08 16:10:28] [] OK : 80
[2025-01-08 16:10:29] [] OK : 81
[2025-01-08 16:10:30] [] OK : 82
[2025-01-08 16:10:31] [] OK : 83
[2025-01-08 16:10:31] [] OK : 84
[2025-01-08 16:10:32] [] OK : 85
[2025-01-08 16:10:33] [] OK : 86
[2025-01-08 16:10:34] [] OK : 87
[2025-01-08 16:10:35] [] OK : 88
[2025-01-08 16:10:36] [] OK : 89
[2025-01-08 16:10:36] [] OK : 90
[2025-01-08 16:10:37] [] OK : 91
[2025-01-08 16:10:38] [] OK : 92
[2025-01-08 16:10:39] [] OK : 93
[2025-01-08 16:10:40] [] OK : 94
[2025-01-08 16:10:41] [] OK : 95
[2025-01-08 16:10:42] [] OK : 96
[2025-01-08 16:10:42] [] OK : 97
[2025-01-08 16:10:43] [] OK : 98
[2025-01-08 16:10:44] [] OK : 99
[2025-01-08 16:10:45] [] OK : 100
[2025-01-08 16:10:46] [] OK : 101
[2025-01-08 16:10:47] [] OK : 102
[2025-01-08 16:10:47] [] OK : 103
[2025-01-08 16:10:48] [] OK : 104
[2025-01-08 16:10:49] [] OK : 105
[2025-01-08 16:10:50] [] OK : 106
[2025-01-08 16:10:51] [] OK : 107
[2025-01-08 16:10:52] [] OK : 108
[2025-01-08 16:10:53] [] OK : 109
[2025-01-08 16:10:53] [] OK : 110
[2025-01-08 16:10:54] [] OK : 111
[2025-01-08 16:10:55] [] OK : 112
[2025-01-08 16:10:56] [] OK : 113
[2025-01-08 16:10:57] [] OK : 114
[2025-01-08 16:10:58] [] OK : 115
[2025-01-08 16:10:58] [] OK : 116
[2025-01-08 16:10:59] [] OK : 117
[2025-01-08 16:11:00] [] OK : 118
[2025-01-08 16:11:01] [] OK : 119
[2025-01-08 16:11:02] [] OK : 120
[2025-01-08 16:11:03] [] OK : 121
[2025-01-08 16:11:04] [] OK : 122
[2025-01-08 16:11:04] [] Stop : 122
[2025-01-08 16:11:21] [] 이미지 가져오기 실패 : 트리거 모드 확인 : 122
[2025-01-08 16:11:21] [] OK : 1
[2025-01-08 16:11:22] [] OK : 2
[2025-01-08 16:11:22] [] OK : 3
[2025-01-08 16:11:23] [] OK : 4
[2025-01-08 16:11:24] [] OK : 5
[2025-01-08 16:11:25] [] OK : 6
[2025-01-08 16:11:26] [] OK : 7
[2025-01-08 16:11:27] [] OK : 8
[2025-01-08 16:11:27] [] OK : 9
[2025-01-08 16:11:28] [] OK : 10
[2025-01-08 16:11:28] [] Stop : 10
[2025-01-08 16:49:56] []  : 0
[2025-01-08 16:50:00] [] 이미지 가져오기 실패 : 트리거 모드 확인 : 0
[2025-01-08 16:50:00] [] 이미지 가져오기 실패 : 트리거 모드 확인 : 1
[2025-01-08 16:50:00] [] OK : 1
[2025-01-08 16:50:01] [] OK : 2
[2025-01-08 16:50:02] [] OK : 3
[2025-01-08 16:50:03] [] OK : 4
[2025-01-08 16:50:04] [] OK : 5
[2025-01-08 16:50:04] [] OK : 6
[2025-01-08 16:50:05] [] OK : 7
[2025-01-08 16:50:06] [] OK : 8
[2025-01-08 16:50:07] [] OK : 9
[2025-01-08 16:50:08] [] OK : 10
[2025-01-08 16:50:09] [] OK : 11
[2025-01-08 16:50:09] [] OK : 12
[2025-01-08 16:50:10] [] OK : 13
[2025-01-08 16:50:11] [] OK : 14
[2025-01-08 16:50:12] [] OK : 15
[2025-01-08 16:50:13] [] OK : 16
[2025-01-08 16:50:14] [] OK : 17
[2025-01-08 16:50:14] [] OK : 18
[2025-01-08 16:50:15] [] OK : 19
[2025-01-08 16:50:16] [] OK : 20
[2025-01-08 16:50:17] [] OK : 21
[2025-01-08 16:50:17] [] Stop : 21
[2025-01-08 16:54:38] [] 이미지 가져오기 실패 : 트리거 모드 확인 : 21
[2025-01-08 16:54:38] [] 이미지 가져오기 실패 : 트리거 모드 확인 : 1
[2025-01-08 16:55:20] []  : 0
[2025-01-08 16:55:24] [] Open device failed : 0
[2025-01-08 16:58:17] []  : 0
[2025-01-08 16:58:23] [] 이미지 가져오기 실패 : 트리거 모드 확인 : 0
[2025-01-08 16:58:23] [] 이미지 가져오기 실패 : 트리거 모드 확인 : 1
[2025-01-08 16:58:23] [] OK : 1
[2025-01-08 16:58:24] [] OK : 2
[2025-01-08 16:58:25] [] OK : 3
[2025-01-08 16:58:26] [] OK : 4
[2025-01-08 16:58:27] [] OK : 5
[2025-01-08 16:58:28] [] OK : 6
[2025-01-08 16:58:28] [] OK : 7
[2025-01-08 16:58:29] [] Stop : 7
[2025-01-08 17:03:21] []  : 0
[2025-01-08 17:03:32] []  : 0
[2025-01-08 17:03:44] []  : 0
[2025-01-08 17:13:32] []  : 0
[2025-01-08 17:13:37] [] 이미지 가져오기 실패 : 트리거 모드 확인 : 0
[2025-01-08 17:13:37] [] 이미지 가져오기 실패 : 트리거 모드 확인 : 1
[2025-01-08 17:13:37] [] OK : 1
[2025-01-08 17:13:38] [] OK : 2
[2025-01-08 17:13:39] [] OK : 3
[2025-01-08 17:13:40] [] OK : 4
[2025-01-08 17:13:40] [] OK : 5
[2025-01-08 17:13:41] [] OK : 6
[2025-01-08 17:13:41] [] Stop : 6
[2025-01-08 17:16:34] []  : 0
[2025-01-08 17:16:38] [] 이미지 가져오기 실패 : 트리거 모드 확인 : 0
[2025-01-08 17:16:38] [] 이미지 가져오기 실패 : 트리거 모드 확인 : 1
[2025-01-08 17:16:38] [] except : 크로스 스레드 작업이 잘못되었습니다. 'FormMain' 컨트롤이 자신이 만들어진 스레드가 아닌 스레드에서 액세스되었습니다. : 1
[2025-01-08 17:16:39] [] 이미지 가져오기 실패 : 트리거 모드 확인 : 1
[2025-01-08 17:16:44] [] Stop : 1
[2025-01-08 17:19:00] []  : 0
[2025-01-08 17:19:04] [] 이미지 가져오기 실패 : 트리거 모드 확인 : 0
[2025-01-08 17:19:05] [] OK : 1
[2025-01-08 17:19:05] [] OK : 2
[2025-01-08 17:19:06] [] OK : 3
[2025-01-08 17:19:07] [] OK : 4
[2025-01-08 17:19:08] [] OK : 5
[2025-01-08 17:19:09] [] OK : 6
[2025-01-08 17:19:10] [] OK : 7
[2025-01-08 17:19:10] [] OK : 8
[2025-01-08 17:19:45] [] OK : 49
[2025-01-08 17:19:46] [] OK : 50
[2025-01-08 17:19:47] [] OK : 51
[2025-01-08 17:19:48] [] OK : 52
[2025-01-08 17:19:48] [] OK : 53
[2025-01-08 17:19:49] [] OK : 54
[2025-01-08 17:19:50] [] OK : 55
[2025-01-08 17:19:51] [] OK : 56
[2025-01-08 17:19:52] [] OK : 57
[2025-01-08 17:19:53] [] OK : 58
[2025-01-08 17:19:53] [] OK : 59
[2025-01-08 17:19:54] [] OK : 60
[2025-01-08 17:19:55] [] OK : 61
[2025-01-08 17:19:56] [] OK : 62
[2025-01-08 17:19:56] [] Stop : 62
[2025-01-08 17:20:27] [] 이미지 가져오기 실패 : 트리거 모드 확인 : 62
[2025-01-08 17:20:28] [] OK : 1
[2025-01-08 17:20:42] [] OK : 2
[2025-01-08 17:21:54] []  : 0
[2025-01-08 17:21:55] [] Open device failed : 0
[2025-01-08 17:22:07] []  : 0
[2025-01-08 17:22:09] [] Open device failed : 0
[2025-01-08 17:22:20] [] 이미지 가져오기 실패 : 트리거 모드 확인 : 0
[2025-01-08 17:22:21] [] OK : 1
[2025-01-08 17:22:21] [] OK : 2
[2025-01-08 17:22:22] [] OK : 3
[2025-01-08 17:22:23] [] OK : 4
[2025-01-08 17:22:24] [] OK : 5
[2025-01-08 17:22:25] [] OK : 6
[2025-01-08 17:22:26] [] OK : 7
[2025-01-08 17:22:26] [] OK : 8
[2025-01-08 17:22:27] [] OK : 9
[2025-01-08 17:22:28] [] OK : 10
[2025-01-08 17:22:29] [] OK : 11
[2025-01-08 17:22:30] [] OK : 12
[2025-01-08 17:22:31] [] OK : 13
[2025-01-08 17:22:31] [] OK : 14
[2025-01-08 17:22:32] [] OK : 15
[2025-01-08 17:22:33] [] OK : 16
[2025-01-08 17:22:34] [] OK : 17
[2025-01-08 17:22:35] [] OK : 18
[2025-01-08 17:22:36] [] OK : 19
[2025-01-08 17:22:36] [] OK : 20
[2025-01-08 17:22:37] [] OK : 21
[2025-01-08 17:22:38] [] OK : 22
[2025-01-08 17:22:39] [] OK : 23
[2025-01-08 17:22:39] [] Stop : 23
