[2025-02-08 16:03:33] []  : 0
[2025-02-08 16:05:19] []  : 0
[2025-02-08 16:06:12] [] 이미지 가져오기 실패 : 트리거 모드 확인 : 4
[2025-02-08 16:08:05] []  : 0
[2025-02-08 16:30:07] []  : 0
[2025-02-08 16:30:33] []  : 16
[2025-02-08 16:30:34] [] OK : 17
[2025-02-08 16:30:34] [] OK : 18
[2025-02-08 16:30:35] [] OK : 19
[2025-02-08 16:30:36] [] OK : 20
[2025-02-08 16:30:37] [] OK : 21
[2025-02-08 16:30:38] [] OK : 22
[2025-02-08 16:30:38] [] OK : 23
[2025-02-08 16:30:39] [] OK : 24
[2025-02-08 16:30:40] [] OK : 25
[2025-02-08 16:30:41] [] OK : 26
[2025-02-08 16:30:42] [] OK : 27
[2025-02-08 16:30:43] [] OK : 28
[2025-02-08 16:30:44] [] OK : 29
[2025-02-08 16:30:44] [] OK : 30
[2025-02-08 16:30:45] [] OK : 31
[2025-02-08 16:30:46] [] OK : 32
[2025-02-08 16:30:47] [] OK : 33
[2025-02-08 16:30:48] [] Stop : 33
[2025-02-08 16:31:04] []  : 0
[2025-02-08 16:31:19] [] 이미지 가져오기 실패 : 트리거 모드 확인 : 0
[2025-02-08 16:31:19] [] 이미지 가져오기 실패 : 트리거 모드 확인 : 1
[2025-02-08 16:31:19] [] OK : 1
[2025-02-08 16:31:20] [] OK : 2
[2025-02-08 16:31:21] [] OK : 3
[2025-02-08 16:31:22] [] OK : 4
[2025-02-08 16:31:23] [] OK : 5
[2025-02-08 16:31:23] [] OK : 6
[2025-02-08 16:31:24] [] OK : 7
[2025-02-08 16:31:25] [] OK : 8
[2025-02-08 16:31:26] [] OK : 9
[2025-02-08 16:31:27] [] OK : 10
[2025-02-08 16:31:28] [] OK : 11
[2025-02-08 16:31:28] [] OK : 12
[2025-02-08 16:31:29] [] OK : 13
[2025-02-08 16:31:30] [] OK : 14
[2025-02-08 16:31:31] [] OK : 15
[2025-02-08 16:31:32] [] OK : 16
[2025-02-08 16:31:32] [] Save Image Fail! : 16
[2025-02-08 16:31:33] [] Save Image Fail! : 17
[2025-02-08 16:31:33] [] OK : 17
[2025-02-08 16:31:33] [] Stop : 17
[2025-02-08 16:31:57] []  : 0
[2025-02-08 16:32:03] [] 이미지 가져오기 실패 : 트리거 모드 확인 : 0
[2025-02-08 16:32:03] [] 이미지 가져오기 실패 : 트리거 모드 확인 : 1
[2025-02-08 16:32:03] [] OK : 1
[2025-02-08 16:32:04] [] OK : 2
[2025-02-08 16:32:05] [] OK : 3
[2025-02-08 16:32:06] [] OK : 4
[2025-02-08 16:32:07] [] OK : 5
[2025-02-08 16:32:08] [] OK : 6
[2025-02-08 16:32:08] [] Stop : 6
[2025-02-08 16:38:52] []  : 0
[2025-02-08 16:39:46] []  : 0
[2025-02-08 16:39:57] []  : 0
[2025-02-08 16:40:37] [] 이미지 가져오기 실패 : 트리거 모드 확인 : 0
[2025-02-08 16:40:38] [] 이미지 가져오기 실패 : 트리거 모드 확인 : 1
[2025-02-08 16:40:38] [] OK : 1
[2025-02-08 16:40:38] [] OK : 2
[2025-02-08 16:40:39] [] OK : 3
[2025-02-08 16:40:41] [] OK : 4
[2025-02-08 16:40:41] [] Stop : 4
[2025-02-08 16:40:53] [] 이미지 가져오기 실패 : 트리거 모드 확인 : 1
[2025-02-08 16:40:53] [] Stop : 1
[2025-02-08 16:45:00] []  : 0
[2025-02-08 16:45:17] [] 이미지 가져오기 실패 : 트리거 모드 확인 : 0
[2025-02-08 16:45:17] [] 이미지 가져오기 실패 : 트리거 모드 확인 : 1
[2025-02-08 16:45:17] [] OK : 1
[2025-02-08 16:45:18] [] OK : 2
[2025-02-08 16:45:19] [] OK : 3
[2025-02-08 16:45:20] [] OK : 4
[2025-02-08 16:45:20] [] Stop : 4
[2025-02-08 16:48:47] []  : 0
[2025-02-08 16:48:56] [] 이미지 가져오기 실패 : 트리거 모드 확인 : 0
[2025-02-08 16:48:56] [] 이미지 가져오기 실패 : 트리거 모드 확인 : 1
[2025-02-08 16:48:56] [] OK : 1
[2025-02-08 16:48:57] [] OK : 2
[2025-02-08 16:48:58] [] OK : 3
[2025-02-08 16:48:59] [] Save Image Fail! : 4
[2025-02-08 16:48:59] [] Save Image Fail! : 5
[2025-02-08 16:48:59] [] OK : 5
[2025-02-08 16:49:00] [] OK : 6
[2025-02-08 16:49:01] [] OK : 7
[2025-02-08 16:49:02] [] OK : 8
[2025-02-08 16:49:03] [] OK : 9
[2025-02-08 16:49:04] [] OK : 10
[2025-02-08 16:49:04] [] Stop : 10
[2025-02-08 16:50:23] [] 이미지 가져오기 실패 : 트리거 모드 확인 : 10
[2025-02-08 16:50:23] [] 이미지 가져오기 실패 : 트리거 모드 확인 : 1
[2025-02-08 16:50:23] [] OK : 1
[2025-02-08 16:50:24] [] OK : 2
[2025-02-08 16:50:25] [] OK : 3
[2025-02-08 16:50:26] [] OK : 4
[2025-02-08 16:50:27] [] OK : 5
[2025-02-08 16:50:28] [] OK : 6
[2025-02-08 16:50:28] [] OK : 7
[2025-02-08 16:50:29] [] Stop : 7
[2025-02-08 16:50:40] [] 이미지 가져오기 실패 : 트리거 모드 확인 : 7
[2025-02-08 16:50:40] [] 이미지 가져오기 실패 : 트리거 모드 확인 : 1
[2025-02-08 16:50:40] [] OK : 1
[2025-02-08 16:50:41] [] OK : 2
[2025-02-08 16:50:42] [] OK : 3
[2025-02-08 16:50:43] [] OK : 4
[2025-02-08 16:50:44] [] OK : 5
[2025-02-08 16:50:44] [] OK : 6
[2025-02-08 16:50:45] [] OK : 7
[2025-02-08 16:50:45] [] Save Image Fail! : 7
[2025-02-08 16:50:46] [] Save Image Fail! : 8
[2025-02-08 16:50:46] [] OK : 8
[2025-02-08 16:50:47] [] OK : 9
[2025-02-08 16:50:48] [] OK : 10
[2025-02-08 16:50:49] [] OK : 11
[2025-02-08 16:50:49] [] OK : 12
[2025-02-08 16:50:50] [] OK : 13
[2025-02-08 16:50:51] [] OK : 14
[2025-02-08 16:50:52] [] OK : 15
[2025-02-08 16:50:53] [] OK : 16
[2025-02-08 16:50:54] [] OK : 17
[2025-02-08 16:50:55] [] OK : 18
[2025-02-08 16:50:55] [] OK : 19
[2025-02-08 16:50:56] [] OK : 20
[2025-02-08 16:50:57] [] OK : 21
[2025-02-08 16:50:57] [] Stop : 21
[2025-02-08 16:51:24] [] 이미지 가져오기 실패 : 트리거 모드 확인 : 21
[2025-02-08 16:51:25] [] 이미지 가져오기 실패 : 트리거 모드 확인 : 1
[2025-02-08 16:51:25] [] OK : 1
[2025-02-08 16:51:25] [] OK : 2
[2025-02-08 16:51:26] [] OK : 3
[2025-02-08 16:51:27] [] OK : 4
[2025-02-08 16:51:28] [] OK : 5
[2025-02-08 16:51:29] [] OK : 6
[2025-02-08 16:51:30] [] OK : 7
[2025-02-08 16:51:31] [] OK : 8
[2025-02-08 16:51:31] [] OK : 9
[2025-02-08 16:51:32] [] OK : 10
[2025-02-08 16:51:33] [] OK : 11
[2025-02-08 16:51:34] [] OK : 12
[2025-02-08 16:51:35] [] OK : 13
[2025-02-08 16:51:36] [] OK : 14
[2025-02-08 16:51:36] [] OK : 15
[2025-02-08 16:51:37] [] OK : 16
[2025-02-08 16:51:38] [] OK : 17
[2025-02-08 16:51:39] [] OK : 18
[2025-02-08 16:51:40] [] OK : 19
[2025-02-08 16:51:41] [] OK : 20
[2025-02-08 16:51:42] [] Save Image Fail! : 21
[2025-02-08 16:51:42] [] OK : 22
[2025-02-08 16:51:43] [] OK : 23
[2025-02-08 16:51:44] [] OK : 24
[2025-02-08 16:51:45] [] OK : 25
[2025-02-08 16:51:46] [] OK : 26
[2025-02-08 16:51:47] [] OK : 27
[2025-02-08 16:51:47] [] OK : 28
[2025-02-08 16:51:48] [] OK : 29
[2025-02-08 16:51:49] [] OK : 30
[2025-02-08 16:51:50] [] OK : 31
[2025-02-08 16:51:51] [] OK : 32
[2025-02-08 16:51:52] [] OK : 33
[2025-02-08 16:51:52] [] OK : 34
[2025-02-08 16:51:53] [] OK : 35
[2025-02-08 16:51:54] [] OK : 36
[2025-02-08 16:51:55] [] OK : 37
[2025-02-08 16:51:56] [] OK : 38
[2025-02-08 16:51:57] [] OK : 39
[2025-02-08 16:51:58] [] OK : 40
[2025-02-08 16:51:58] [] OK : 41
[2025-02-08 16:51:59] [] OK : 42
[2025-02-08 16:52:00] [] OK : 43
[2025-02-08 16:52:01] [] OK : 44
[2025-02-08 16:52:02] [] OK : 45
[2025-02-08 16:52:03] [] OK : 46
[2025-02-08 16:52:03] [] OK : 47
[2025-02-08 16:52:04] [] OK : 48
[2025-02-08 16:52:05] [] OK : 49
[2025-02-08 16:52:06] [] OK : 50
[2025-02-08 16:52:07] [] OK : 51
[2025-02-08 16:52:08] [] OK : 52
[2025-02-08 16:52:08] [] OK : 53
[2025-02-08 16:52:09] [] OK : 54
[2025-02-08 16:52:10] [] OK : 55
[2025-02-08 16:52:11] [] OK : 56
[2025-02-08 16:52:12] [] OK : 57
[2025-02-08 16:52:13] [] OK : 58
[2025-02-08 16:52:14] [] OK : 59
[2025-02-08 16:52:14] [] OK : 60
[2025-02-08 16:52:15] [] Stop : 60
